[ DONE ] - cliphist was installed successfully!\n
[ DONE ] - partitionmanager was installed successfully!\n
[ DONE ] - konsole was installed successfully!\n
[ DONE ] - kitty was installed successfully!\n
[ DONE ] - kvantum was installed successfully!\n
[ DONE ] - kvantum-qt5 was installed successfully!\n
[ DONE ] - hyprlock was installed successfully!\n
[ DONE ] - lxappearance was installed successfully!\n
[ DONE ] - mpv-mpris was installed successfully!\n
[ DONE ] - network-manager-applet was installed successfully!\n
[ DONE ] - neovim was installed successfully!\n
[ DONE ] - nodejs was installed successfully!\n
[ DONE ] - npm was installed successfully!\n
[ DONE ] - ntfs-3g was installed successfully!\n
[ DONE ] - nvtop was installed successfully!\n
[ DONE ] - nwg-look was installed successfully!\n
[ DONE ] - pamixer was installed successfully!\n
[ DONE ] - polkit-kde-agent was installed successfully!\n
[ DONE ] - python-pywal was installed successfully!\n
[ DONE ] - qt5ct was installed successfully!\n
[ DONE ] - qt5-svg was installed successfully!\n
[ DONE ] - qt6ct-kde was installed successfully!\n
[ DONE ] - qt5-graphicaleffects was installed successfully!\n
[ DONE ] - qt5-quickcontrols2 was installed successfully!\n
[ DONE ] - rofi-wayland was installed successfully!\n
[ DONE ] - satty was installed successfully!\n
[ DONE ] - swaync was installed successfully!\n
[ DONE ] - swww was installed successfully!\n
[ DONE ] - waybar was installed successfully!\n
[ DONE ] - wl-clipboard was installed successfully!\n
[ DONE ] - yazi was installed successfully!\n
[ DONE ] - zip was installed successfully!\n
[ DONE ] - cava was installed successfully!\n
[ DONE ] - grimblast-git was installed successfully!\n
[ DONE ] - tty-clock was installed successfully!\n
[ DONE ] - wlogout was installed successfully!\n
[ DONE ] - ark was installed successfully!\n
[ DONE ] - crudini was installed successfully!\n
[ DONE ] - dolphin was installed successfully!\n
[ DONE ] - gwenview was installed successfully!\n
[ DONE ] - okular was installed successfully!\n
