Font directories:
	/root/.local/share/fonts
	/usr/local/share/fonts
	/usr/share/fonts
	/root/.fonts
	/usr/share/fonts/Adwaita
	/usr/share/fonts/OTF
	/usr/share/fonts/TTF
	/usr/share/fonts/WOFF2
	/usr/share/fonts/awesome-terminal-fonts
	/usr/share/fonts/cantarell
	/usr/share/fonts/encodings
	/usr/share/fonts/liberation
	/usr/share/fonts/noto
	/usr/share/fonts/noto-cjk
	/usr/share/fonts/encodings/large
/root/.local/share/fonts: skipping, no such directory
/usr/local/share/fonts: skipping, no such directory
/usr/share/fonts: caching, new cache contents: 0 fonts, 10 dirs
/usr/share/fonts/Adwaita: caching, new cache contents: 24 fonts, 0 dirs
/usr/share/fonts/OTF: caching, new cache contents: 1 fonts, 0 dirs
/usr/share/fonts/TTF: caching, new cache contents: 269 fonts, 0 dirs
/usr/share/fonts/WOFF2: caching, new cache contents: 4 fonts, 0 dirs
/usr/share/fonts/awesome-terminal-fonts: caching, new cache contents: 4 fonts, 0 dirs
/usr/share/fonts/cantarell: caching, new cache contents: 6 fonts, 0 dirs
/usr/share/fonts/encodings: caching, new cache contents: 0 fonts, 1 dirs
/usr/share/fonts/encodings/large: caching, new cache contents: 0 fonts, 0 dirs
/usr/share/fonts/liberation: caching, new cache contents: 12 fonts, 0 dirs
/usr/share/fonts/noto: caching, new cache contents: 622 fonts, 0 dirs
/usr/share/fonts/noto-cjk: caching, new cache contents: 80 fonts, 0 dirs
/root/.fonts: skipping, no such directory
/usr/share/fonts/Adwaita: skipping, looped directory detected
/usr/share/fonts/OTF: skipping, looped directory detected
/usr/share/fonts/TTF: skipping, looped directory detected
/usr/share/fonts/WOFF2: skipping, looped directory detected
/usr/share/fonts/awesome-terminal-fonts: skipping, looped directory detected
/usr/share/fonts/cantarell: skipping, looped directory detected
/usr/share/fonts/encodings: skipping, looped directory detected
/usr/share/fonts/liberation: skipping, looped directory detected
/usr/share/fonts/noto: skipping, looped directory detected
/usr/share/fonts/noto-cjk: skipping, looped directory detected
/usr/share/fonts/encodings/large: skipping, looped directory detected
/var/cache/fontconfig: cleaning cache directory
/root/.cache/fontconfig: not cleaning non-existent cache directory
/root/.fontconfig: not cleaning non-existent cache directory
fc-cache: succeeded
:: Wallpapers were downloaded successfully...

